  [1m[35m (269.4ms)[0m  [1m[35mCREATE DATABASE "first_routes_development" ENCODING = 'unicode'[0m
  ↳ bin/rails:9
  [1m[35m (136.4ms)[0m  [1m[35mCREATE DATABASE "first_routes_test" ENCODING = 'unicode'[0m
  ↳ bin/rails:9
Started GET "/" for 127.0.0.1 at 2019-12-09 15:22:28 -0800
Processing by Rails::WelcomeController#index as HTML
  Rendering /Users/eqdang/.rbenv/versions/2.5.1/lib/ruby/gems/2.5.0/gems/railties-5.2.4/lib/rails/templates/rails/welcome/index.html.erb
  Rendered /Users/eqdang/.rbenv/versions/2.5.1/lib/ruby/gems/2.5.0/gems/railties-5.2.4/lib/rails/templates/rails/welcome/index.html.erb (11.9ms)
Completed 200 OK in 90ms (Views: 43.5ms | ActiveRecord: 0.0ms)


Started GET "/" for ::1 at 2019-12-09 15:23:21 -0800
Processing by Rails::WelcomeController#index as HTML
  Rendering /Users/eqdang/.rbenv/versions/2.5.1/lib/ruby/gems/2.5.0/gems/railties-5.2.4/lib/rails/templates/rails/welcome/index.html.erb
  Rendered /Users/eqdang/.rbenv/versions/2.5.1/lib/ruby/gems/2.5.0/gems/railties-5.2.4/lib/rails/templates/rails/welcome/index.html.erb (4.6ms)
Completed 200 OK in 29ms (Views: 20.0ms | ActiveRecord: 0.0ms)


Started GET "/" for ::1 at 2019-12-09 15:23:22 -0800
Processing by Rails::WelcomeController#index as */*
  Rendering /Users/eqdang/.rbenv/versions/2.5.1/lib/ruby/gems/2.5.0/gems/railties-5.2.4/lib/rails/templates/rails/welcome/index.html.erb
  Rendered /Users/eqdang/.rbenv/versions/2.5.1/lib/ruby/gems/2.5.0/gems/railties-5.2.4/lib/rails/templates/rails/welcome/index.html.erb (3.6ms)
Completed 200 OK in 248ms (Views: 115.4ms | ActiveRecord: 0.0ms)


Started GET "/" for 127.0.0.1 at 2019-12-09 15:23:47 -0800
Processing by Rails::WelcomeController#index as HTML
  Rendering /Users/eqdang/.rbenv/versions/2.5.1/lib/ruby/gems/2.5.0/gems/railties-5.2.4/lib/rails/templates/rails/welcome/index.html.erb
  Rendered /Users/eqdang/.rbenv/versions/2.5.1/lib/ruby/gems/2.5.0/gems/railties-5.2.4/lib/rails/templates/rails/welcome/index.html.erb (3.4ms)
Completed 200 OK in 18ms (Views: 13.9ms | ActiveRecord: 0.0ms)


Started GET "/users" for 127.0.0.1 at 2019-12-09 15:27:37 -0800

AbstractController::ActionNotFound - The action 'index' could not be found for UsersController:

Started POST "/__better_errors/61d4245310f6af8c/variables" for 127.0.0.1 at 2019-12-09 15:27:38 -0800
Started GET "/users" for ::1 at 2019-12-09 15:28:39 -0800

AbstractController::ActionNotFound - The action 'index' could not be found for UsersController:

Started GET "/users" for ::1 at 2019-12-09 15:29:28 -0800
Processing by UsersController#index as */*
  Rendering text template
  Rendered text template (0.0ms)
Completed 200 OK in 139ms (Views: 57.1ms | ActiveRecord: 0.0ms)


Started GET "/users" for 127.0.0.1 at 2019-12-09 15:29:47 -0800
Processing by UsersController#index as HTML
  Rendering text template
  Rendered text template (0.0ms)
Completed 200 OK in 1ms (Views: 0.4ms | ActiveRecord: 0.0ms)


Started GET "/users" for ::1 at 2019-12-09 15:40:00 -0800
Started GET "/users" for ::1 at 2019-12-09 15:40:01 -0800
Started GET "/users" for ::1 at 2019-12-09 15:41:34 -0800
Processing by UsersController#index as */*
  Rendering text template
  Rendered text template (0.0ms)
Completed 200 OK in 153ms (Views: 60.5ms | ActiveRecord: 0.0ms)


Started GET "/users/1/" for ::1 at 2019-12-09 15:46:19 -0800
Processing by UsersController#show as */*
  Parameters: {"id"=>"1"}
Completed 200 OK in 6ms (Views: 5.5ms | ActiveRecord: 0.0ms)


Started POST "/users/" for ::1 at 2019-12-09 15:49:04 -0800
Processing by UsersController#create as */*
  Parameters: {"body"=>"{\n  \"fav_food\": \"pizza\",\n  \"controller\": \"users\",\n  \"action\": \"create\"\n}\n", "owner_id"=>"2"}
Completed 200 OK in 42ms (Views: 26.9ms | ActiveRecord: 0.0ms)


Started POST "/users/3/" for ::1 at 2019-12-09 15:53:48 -0800
  
ActionController::RoutingError (No route matches [POST] "/users/3"):
  
actionpack (5.2.4) lib/action_dispatch/middleware/debug_exceptions.rb:65:in `call'
web-console (3.7.0) lib/web_console/middleware.rb:135:in `call_app'
web-console (3.7.0) lib/web_console/middleware.rb:30:in `block in call'
web-console (3.7.0) lib/web_console/middleware.rb:20:in `catch'
web-console (3.7.0) lib/web_console/middleware.rb:20:in `call'
actionpack (5.2.4) lib/action_dispatch/middleware/show_exceptions.rb:33:in `call'
railties (5.2.4) lib/rails/rack/logger.rb:38:in `call_app'
railties (5.2.4) lib/rails/rack/logger.rb:26:in `block in call'
activesupport (5.2.4) lib/active_support/tagged_logging.rb:71:in `block in tagged'
activesupport (5.2.4) lib/active_support/tagged_logging.rb:28:in `tagged'
activesupport (5.2.4) lib/active_support/tagged_logging.rb:71:in `tagged'
railties (5.2.4) lib/rails/rack/logger.rb:26:in `call'
sprockets-rails (3.2.1) lib/sprockets/rails/quiet_assets.rb:13:in `call'
actionpack (5.2.4) lib/action_dispatch/middleware/remote_ip.rb:81:in `call'
actionpack (5.2.4) lib/action_dispatch/middleware/request_id.rb:27:in `call'
rack (2.0.7) lib/rack/method_override.rb:22:in `call'
rack (2.0.7) lib/rack/runtime.rb:22:in `call'
activesupport (5.2.4) lib/active_support/cache/strategy/local_cache_middleware.rb:29:in `call'
actionpack (5.2.4) lib/action_dispatch/middleware/executor.rb:14:in `call'
actionpack (5.2.4) lib/action_dispatch/middleware/static.rb:127:in `call'
rack (2.0.7) lib/rack/sendfile.rb:111:in `call'
railties (5.2.4) lib/rails/engine.rb:524:in `call'
puma (3.12.2) lib/puma/configuration.rb:227:in `call'
puma (3.12.2) lib/puma/server.rb:674:in `handle_request'
puma (3.12.2) lib/puma/server.rb:476:in `process_client'
puma (3.12.2) lib/puma/server.rb:334:in `block in run'
puma (3.12.2) lib/puma/thread_pool.rb:135:in `block in spawn_thread'
Started POST "/users/2/" for ::1 at 2019-12-09 15:54:11 -0800
  
ActionController::RoutingError (No route matches [POST] "/users/2"):
  
actionpack (5.2.4) lib/action_dispatch/middleware/debug_exceptions.rb:65:in `call'
web-console (3.7.0) lib/web_console/middleware.rb:135:in `call_app'
web-console (3.7.0) lib/web_console/middleware.rb:30:in `block in call'
web-console (3.7.0) lib/web_console/middleware.rb:20:in `catch'
web-console (3.7.0) lib/web_console/middleware.rb:20:in `call'
actionpack (5.2.4) lib/action_dispatch/middleware/show_exceptions.rb:33:in `call'
railties (5.2.4) lib/rails/rack/logger.rb:38:in `call_app'
railties (5.2.4) lib/rails/rack/logger.rb:26:in `block in call'
activesupport (5.2.4) lib/active_support/tagged_logging.rb:71:in `block in tagged'
activesupport (5.2.4) lib/active_support/tagged_logging.rb:28:in `tagged'
activesupport (5.2.4) lib/active_support/tagged_logging.rb:71:in `tagged'
railties (5.2.4) lib/rails/rack/logger.rb:26:in `call'
sprockets-rails (3.2.1) lib/sprockets/rails/quiet_assets.rb:13:in `call'
actionpack (5.2.4) lib/action_dispatch/middleware/remote_ip.rb:81:in `call'
actionpack (5.2.4) lib/action_dispatch/middleware/request_id.rb:27:in `call'
rack (2.0.7) lib/rack/method_override.rb:22:in `call'
rack (2.0.7) lib/rack/runtime.rb:22:in `call'
activesupport (5.2.4) lib/active_support/cache/strategy/local_cache_middleware.rb:29:in `call'
actionpack (5.2.4) lib/action_dispatch/middleware/executor.rb:14:in `call'
actionpack (5.2.4) lib/action_dispatch/middleware/static.rb:127:in `call'
rack (2.0.7) lib/rack/sendfile.rb:111:in `call'
railties (5.2.4) lib/rails/engine.rb:524:in `call'
puma (3.12.2) lib/puma/configuration.rb:227:in `call'
puma (3.12.2) lib/puma/server.rb:674:in `handle_request'
puma (3.12.2) lib/puma/server.rb:476:in `process_client'
puma (3.12.2) lib/puma/server.rb:334:in `block in run'
puma (3.12.2) lib/puma/thread_pool.rb:135:in `block in spawn_thread'
Started PUT "/users/2/" for ::1 at 2019-12-09 15:54:52 -0800
Processing by UsersController#update as */*
  Parameters: {"body"=>"{\n  \"fav_food\": \"pepporoni pizza\",\n  \"controller\": \"users\",\n  \"action\": \"update\",\n\n}\n", "owner_id"=>"2", "id"=>"2"}
Completed 200 OK in 2ms (Views: 0.6ms | ActiveRecord: 0.0ms)


  [1m[35m (65.3ms)[0m  [1m[35mCREATE TABLE "schema_migrations" ("version" character varying NOT NULL PRIMARY KEY)[0m
  ↳ bin/rails:9
  [1m[35m (11.0ms)[0m  [1m[35mCREATE TABLE "ar_internal_metadata" ("key" character varying NOT NULL PRIMARY KEY, "value" character varying, "created_at" timestamp NOT NULL, "updated_at" timestamp NOT NULL)[0m
  ↳ bin/rails:9
  [1m[35m (2.7ms)[0m  [1m[34mSELECT pg_try_advisory_lock(7974280239715595190)[0m
  ↳ bin/rails:9
  [1m[35m (2.1ms)[0m  [1m[34mSELECT "schema_migrations"."version" FROM "schema_migrations" ORDER BY "schema_migrations"."version" ASC[0m
  ↳ bin/rails:9
Migrating to CreateUserTable (20191209235928)
  [1m[35m (0.2ms)[0m  [1m[35mBEGIN[0m
  ↳ bin/rails:9
  [1m[35m (21.1ms)[0m  [1m[35mCREATE TABLE "user_tables" ("id" bigserial primary key, "name" character varying, "email" character varying)[0m
  ↳ db/migrate/20191209235928_create_user_table.rb:3
  [1m[36mActiveRecord::SchemaMigration Create (1.0ms)[0m  [1m[32mINSERT INTO "schema_migrations" ("version") VALUES ($1) RETURNING "version"[0m  [["version", "20191209235928"]]
  ↳ bin/rails:9
  [1m[35m (3.9ms)[0m  [1m[35mCOMMIT[0m
  ↳ bin/rails:9
  [1m[36mActiveRecord::InternalMetadata Load (4.0ms)[0m  [1m[34mSELECT  "ar_internal_metadata".* FROM "ar_internal_metadata" WHERE "ar_internal_metadata"."key" = $1 LIMIT $2[0m  [["key", "environment"], ["LIMIT", 1]]
  ↳ bin/rails:9
  [1m[35m (0.3ms)[0m  [1m[35mBEGIN[0m
  ↳ bin/rails:9
  [1m[36mActiveRecord::InternalMetadata Create (1.3ms)[0m  [1m[32mINSERT INTO "ar_internal_metadata" ("key", "value", "created_at", "updated_at") VALUES ($1, $2, $3, $4) RETURNING "key"[0m  [["key", "environment"], ["value", "development"], ["created_at", "2019-12-10 00:04:11.289689"], ["updated_at", "2019-12-10 00:04:11.289689"]]
  ↳ bin/rails:9
  [1m[35m (1.3ms)[0m  [1m[35mCOMMIT[0m
  ↳ bin/rails:9
  [1m[35m (0.9ms)[0m  [1m[34mSELECT pg_advisory_unlock(7974280239715595190)[0m
  ↳ bin/rails:9
  [1m[35m (0.9ms)[0m  [1m[34mSELECT "schema_migrations"."version" FROM "schema_migrations" ORDER BY "schema_migrations"."version" ASC[0m
  ↳ bin/rails:9
  [1m[35m (1.0ms)[0m  [1m[34mSELECT "schema_migrations"."version" FROM "schema_migrations" ORDER BY "schema_migrations"."version" ASC[0m
  ↳ bin/rails:9
  [1m[35m (0.3ms)[0m  [1m[34mSELECT "schema_migrations"."version" FROM "schema_migrations" ORDER BY "schema_migrations"."version" ASC[0m
  ↳ bin/rails:9
  [1m[35m (0.3ms)[0m  [1m[34mSELECT "schema_migrations"."version" FROM "schema_migrations" ORDER BY "schema_migrations"."version" ASC[0m
  ↳ bin/rails:9
  [1m[35m (0.2ms)[0m  [1m[34mSELECT pg_try_advisory_lock(7974280239715595190)[0m
  ↳ bin/rails:9
  [1m[35m (0.4ms)[0m  [1m[34mSELECT "schema_migrations"."version" FROM "schema_migrations" ORDER BY "schema_migrations"."version" ASC[0m
  ↳ bin/rails:9
Migrating to CreateUserTable (20191209235928)
  [1m[35m (0.3ms)[0m  [1m[35mBEGIN[0m
  ↳ bin/rails:9
  [1m[35m (18.0ms)[0m  [1m[35mDROP TABLE "user_tables"[0m
  ↳ bin/rails:9
  [1m[36mActiveRecord::SchemaMigration Destroy (0.9ms)[0m  [1m[31mDELETE FROM "schema_migrations" WHERE "schema_migrations"."version" = $1[0m  [["version", "20191209235928"]]
  ↳ bin/rails:9
  [1m[35m (16.1ms)[0m  [1m[35mCOMMIT[0m
  ↳ bin/rails:9
  [1m[35m (2.0ms)[0m  [1m[34mSELECT pg_advisory_unlock(7974280239715595190)[0m
  ↳ bin/rails:9
  [1m[35m (0.4ms)[0m  [1m[34mSELECT "schema_migrations"."version" FROM "schema_migrations" ORDER BY "schema_migrations"."version" ASC[0m
  ↳ bin/rails:9
  [1m[35m (0.3ms)[0m  [1m[34mSELECT pg_try_advisory_lock(7974280239715595190)[0m
  ↳ bin/rails:9
  [1m[35m (1.0ms)[0m  [1m[34mSELECT "schema_migrations"."version" FROM "schema_migrations" ORDER BY "schema_migrations"."version" ASC[0m
  ↳ bin/rails:9
Migrating to CreateUserTable (20191209235928)
  [1m[35m (0.3ms)[0m  [1m[35mBEGIN[0m
  ↳ bin/rails:9
  [1m[35m (18.8ms)[0m  [1m[35mCREATE TABLE "users_table" ("id" bigserial primary key, "name" character varying, "email" character varying)[0m
  ↳ db/migrate/20191209235928_create_user_table.rb:3
  [1m[36mActiveRecord::SchemaMigration Create (2.2ms)[0m  [1m[32mINSERT INTO "schema_migrations" ("version") VALUES ($1) RETURNING "version"[0m  [["version", "20191209235928"]]
  ↳ bin/rails:9
  [1m[35m (2.3ms)[0m  [1m[35mCOMMIT[0m
  ↳ bin/rails:9
  [1m[36mActiveRecord::InternalMetadata Load (1.7ms)[0m  [1m[34mSELECT  "ar_internal_metadata".* FROM "ar_internal_metadata" WHERE "ar_internal_metadata"."key" = $1 LIMIT $2[0m  [["key", "environment"], ["LIMIT", 1]]
  ↳ bin/rails:9
  [1m[35m (8.5ms)[0m  [1m[35mBEGIN[0m
  ↳ bin/rails:9
  [1m[35m (3.0ms)[0m  [1m[35mCOMMIT[0m
  ↳ bin/rails:9
  [1m[35m (4.3ms)[0m  [1m[34mSELECT pg_advisory_unlock(7974280239715595190)[0m
  ↳ bin/rails:9
  [1m[35m (2.7ms)[0m  [1m[34mSELECT "schema_migrations"."version" FROM "schema_migrations" ORDER BY "schema_migrations"."version" ASC[0m
  ↳ bin/rails:9
  [1m[35m (1.0ms)[0m  [1m[34mSELECT "schema_migrations"."version" FROM "schema_migrations" ORDER BY "schema_migrations"."version" ASC[0m
  ↳ bin/rails:9
  [1m[35m (1.1ms)[0m  [1m[34mSELECT "schema_migrations"."version" FROM "schema_migrations" ORDER BY "schema_migrations"."version" ASC[0m
  ↳ bin/rails:9
  [1m[35m (0.4ms)[0m  [1m[34mSELECT "schema_migrations"."version" FROM "schema_migrations" ORDER BY "schema_migrations"."version" ASC[0m
  ↳ bin/rails:9
  [1m[35m (0.2ms)[0m  [1m[34mSELECT pg_try_advisory_lock(7974280239715595190)[0m
  ↳ bin/rails:9
  [1m[35m (0.3ms)[0m  [1m[34mSELECT "schema_migrations"."version" FROM "schema_migrations" ORDER BY "schema_migrations"."version" ASC[0m
  ↳ bin/rails:9
Migrating to CreateUserTable (20191209235928)
  [1m[35m (0.2ms)[0m  [1m[35mBEGIN[0m
  ↳ bin/rails:9
  [1m[35m (9.4ms)[0m  [1m[35mDROP TABLE "users_table"[0m
  ↳ bin/rails:9
  [1m[36mActiveRecord::SchemaMigration Destroy (1.1ms)[0m  [1m[31mDELETE FROM "schema_migrations" WHERE "schema_migrations"."version" = $1[0m  [["version", "20191209235928"]]
  ↳ bin/rails:9
  [1m[35m (6.8ms)[0m  [1m[35mCOMMIT[0m
  ↳ bin/rails:9
  [1m[35m (1.5ms)[0m  [1m[34mSELECT pg_advisory_unlock(7974280239715595190)[0m
  ↳ bin/rails:9
  [1m[35m (2.9ms)[0m  [1m[34mSELECT "schema_migrations"."version" FROM "schema_migrations" ORDER BY "schema_migrations"."version" ASC[0m
  ↳ bin/rails:9
  [1m[35m (2.2ms)[0m  [1m[34mSELECT "schema_migrations"."version" FROM "schema_migrations" ORDER BY "schema_migrations"."version" ASC[0m
  ↳ bin/rails:9
  [1m[35m (1.6ms)[0m  [1m[34mSELECT "schema_migrations"."version" FROM "schema_migrations" ORDER BY "schema_migrations"."version" ASC[0m
  ↳ bin/rails:9
  [1m[35m (2.8ms)[0m  [1m[35mCREATE DATABASE "first_routes_development" ENCODING = 'unicode'[0m
  ↳ bin/rails:9
  [1m[35m (1.5ms)[0m  [1m[35mCREATE DATABASE "first_routes_test" ENCODING = 'unicode'[0m
  ↳ bin/rails:9
  [1m[35m (0.7ms)[0m  [1m[34mSELECT pg_try_advisory_lock(7974280239715595190)[0m
  ↳ bin/rails:9
  [1m[35m (1.0ms)[0m  [1m[34mSELECT "schema_migrations"."version" FROM "schema_migrations" ORDER BY "schema_migrations"."version" ASC[0m
  ↳ bin/rails:9
Migrating to CreateUsers (20191210001502)
  [1m[35m (0.3ms)[0m  [1m[35mBEGIN[0m
  ↳ bin/rails:9
  [1m[35m (18.5ms)[0m  [1m[35mCREATE TABLE "users" ("id" bigserial primary key, "name" character varying, "email" character varying)[0m
  ↳ db/migrate/20191210001502_create_users.rb:3
  [1m[36mActiveRecord::SchemaMigration Create (2.6ms)[0m  [1m[32mINSERT INTO "schema_migrations" ("version") VALUES ($1) RETURNING "version"[0m  [["version", "20191210001502"]]
  ↳ bin/rails:9
  [1m[35m (2.2ms)[0m  [1m[35mCOMMIT[0m
  ↳ bin/rails:9
  [1m[36mActiveRecord::InternalMetadata Load (1.0ms)[0m  [1m[34mSELECT  "ar_internal_metadata".* FROM "ar_internal_metadata" WHERE "ar_internal_metadata"."key" = $1 LIMIT $2[0m  [["key", "environment"], ["LIMIT", 1]]
  ↳ bin/rails:9
  [1m[35m (0.3ms)[0m  [1m[35mBEGIN[0m
  ↳ bin/rails:9
  [1m[35m (0.2ms)[0m  [1m[35mCOMMIT[0m
  ↳ bin/rails:9
  [1m[35m (0.3ms)[0m  [1m[34mSELECT pg_advisory_unlock(7974280239715595190)[0m
  ↳ bin/rails:9
  [1m[35m (0.3ms)[0m  [1m[34mSELECT "schema_migrations"."version" FROM "schema_migrations" ORDER BY "schema_migrations"."version" ASC[0m
  ↳ bin/rails:9
  [1m[35m (0.2ms)[0m  [1m[35mBEGIN[0m
  [1m[36mUser Create (4.7ms)[0m  [1m[32mINSERT INTO "users" ("name", "email") VALUES ($1, $2) RETURNING "id"[0m  [["name", "Rapkat"], ["email", "rapkat.amin@rapkat.com"]]
  [1m[35m (2.3ms)[0m  [1m[35mCOMMIT[0m
  [1m[35m (2.3ms)[0m  [1m[35mBEGIN[0m
  [1m[36mUser Create (2.2ms)[0m  [1m[32mINSERT INTO "users" ("name", "email") VALUES ($1, $2) RETURNING "id"[0m  [["name", "Elizabeth"], ["email", "elizabethqdang@gmail.com"]]
  [1m[35m (1.7ms)[0m  [1m[35mCOMMIT[0m
  [1m[36mUser Load (0.9ms)[0m  [1m[34mSELECT "users".* FROM "users"[0m
Started GET "/users" for ::1 at 2019-12-09 16:26:25 -0800
  [1m[35m (21.9ms)[0m  [1m[34mSELECT "schema_migrations"."version" FROM "schema_migrations" ORDER BY "schema_migrations"."version" ASC[0m
  ↳ /Users/eqdang/.rbenv/versions/2.5.1/lib/ruby/gems/2.5.0/gems/activerecord-5.2.4/lib/active_record/log_subscriber.rb:98
Processing by UsersController#index as */*
Completed 500 Internal Server Error in 90ms (ActiveRecord: 0.0ms)



SyntaxError - syntax error, unexpected tSYMBEG, expecting keyword_do or '{' or '('
    validates :name, presence :true
                              ^
/Users/eqdang/Desktop/app_academy/aa-classwork/W9D1/first_routes/app/models/user.rb:4: syntax error, unexpected tSYMBEG, expecting keyword_do or '{' or '('
...   validates :email, presence :true
...                              ^:
  app/models/user.rb:3:in `'
  app/controllers/users_controller.rb:6:in `index'

Started GET "/users" for ::1 at 2019-12-09 16:27:04 -0800
  [1m[35m (1.4ms)[0m  [1m[34mSELECT "schema_migrations"."version" FROM "schema_migrations" ORDER BY "schema_migrations"."version" ASC[0m
  ↳ /Users/eqdang/.rbenv/versions/2.5.1/lib/ruby/gems/2.5.0/gems/activerecord-5.2.4/lib/active_record/log_subscriber.rb:98
Processing by UsersController#index as */*
  [1m[36mUser Load (1.1ms)[0m  [1m[34mSELECT "users".* FROM "users"[0m
  ↳ app/controllers/users_controller.rb:6
Completed 200 OK in 710ms (Views: 272.2ms | ActiveRecord: 288.5ms)


Started GET "/users" for ::1 at 2019-12-09 16:27:37 -0800
Processing by UsersController#index as HTML
  [1m[36mUser Load (4.5ms)[0m  [1m[34mSELECT "users".* FROM "users"[0m
  ↳ app/controllers/users_controller.rb:6
Completed 200 OK in 11ms (Views: 3.5ms | ActiveRecord: 4.5ms)


Started GET "/users" for ::1 at 2019-12-09 16:27:38 -0800
Processing by UsersController#index as */*
  [1m[36mUser Load (0.7ms)[0m  [1m[34mSELECT "users".* FROM "users"[0m
  ↳ app/controllers/users_controller.rb:6
Completed 200 OK in 3ms (Views: 1.9ms | ActiveRecord: 0.7ms)


Started POST "/users" for ::1 at 2019-12-09 16:30:27 -0800
Processing by UsersController#create as */*
  Parameters: {"name"=>"bob", "email"=>"bob@gmail.com"}
Completed 400 Bad Request in 111ms (ActiveRecord: 0.0ms)



ActionController::ParameterMissing - param is missing or the value is empty: user:
  app/controllers/users_controller.rb:17:in `create'

Started POST "/users" for ::1 at 2019-12-09 16:32:23 -0800
Processing by UsersController#create as */*
  Parameters: {"name"=>"bob", "email"=>"bob@gmail.com", "user"=>"bob"}
Completed 500 Internal Server Error in 17ms (ActiveRecord: 0.0ms)



NoMethodError - undefined method `permit' for "bob":String:
  app/controllers/users_controller.rb:17:in `create'

Started POST "/users" for ::1 at 2019-12-09 16:34:14 -0800
Processing by UsersController#create as */*
  Parameters: {"name"=>"bob", "email"=>"bob@gmail.com"}
  [1m[35m (2.9ms)[0m  [1m[35mBEGIN[0m
  ↳ app/controllers/users_controller.rb:23
  [1m[36mUser Create (1.0ms)[0m  [1m[32mINSERT INTO "users" ("name", "email") VALUES ($1, $2) RETURNING "id"[0m  [["name", "bob"], ["email", "bob@gmail.com"]]
  ↳ app/controllers/users_controller.rb:23
  [1m[35m (19.4ms)[0m  [1m[35mCOMMIT[0m
  ↳ app/controllers/users_controller.rb:23
Completed 200 OK in 269ms (Views: 64.7ms | ActiveRecord: 40.3ms)


Started POST "/users" for ::1 at 2019-12-09 16:36:27 -0800
Processing by UsersController#create as */*
  Parameters: {"name"=>"bob", "email"=>"bob@gmail.com"}
Completed 500 Internal Server Error in 79ms (ActiveRecord: 0.0ms)



ArgumentError - wrong number of arguments (given 2, expected 0..1):
  app/controllers/users_controller.rb:18:in `create'

Started POST "/users" for ::1 at 2019-12-09 16:36:56 -0800
Processing by UsersController#create as */*
  Parameters: {"name"=>"bob", "email"=>"bob@gmail.com"}
Completed 500 Internal Server Error in 127ms (ActiveRecord: 53.7ms)



ActiveModel::ForbiddenAttributesError - ActiveModel::ForbiddenAttributesError:
  app/controllers/users_controller.rb:18:in `create'

Started POST "/users" for ::1 at 2019-12-09 16:39:23 -0800
Processing by UsersController#create as */*
  Parameters: {"name"=>"bob", "email"=>"bob@gmail.com"}
Completed 400 Bad Request in 17ms (ActiveRecord: 0.0ms)



ActionController::ParameterMissing - param is missing or the value is empty: user:
  app/controllers/users_controller.rb:38:in `user_params'
  app/controllers/users_controller.rb:17:in `create'

Started POST "/users" for ::1 at 2019-12-09 16:41:47 -0800

SyntaxError - syntax error, unexpected '\n', expecting =>
...der json: user.name, user.email
...                               ^
/Users/eqdang/Desktop/app_academy/aa-classwork/W9D1/first_routes/app/controllers/users_controller.rb:43: syntax error, unexpected end-of-input, expecting keyword_end:
  app/controllers/users_controller.rb:27:in `'

Started POST "/users" for ::1 at 2019-12-09 16:43:06 -0800

SyntaxError - syntax error, unexpected '}', expecting =>
...       render json: {user.name}, {user.email}
...                              ^
/Users/eqdang/Desktop/app_academy/aa-classwork/W9D1/first_routes/app/controllers/users_controller.rb:27: syntax error, unexpected '}', expecting =>
...json: {user.name}, {user.email}
...                              ^
/Users/eqdang/Desktop/app_academy/aa-classwork/W9D1/first_routes/app/controllers/users_controller.rb:43: syntax error, unexpected end-of-input, expecting keyword_end:
  app/controllers/users_controller.rb:27:in `'

Started POST "/users" for ::1 at 2019-12-09 16:43:20 -0800

SyntaxError - syntax error, unexpected '}', expecting =>
...       render json: {user.name}
...                              ^
/Users/eqdang/Desktop/app_academy/aa-classwork/W9D1/first_routes/app/controllers/users_controller.rb:43: syntax error, unexpected end-of-input, expecting keyword_end:
  app/controllers/users_controller.rb:27:in `'

Started POST "/users" for ::1 at 2019-12-09 16:43:46 -0800
Processing by UsersController#create as */*
  Parameters: {"name"=>"bob", "email"=>"bob@gmail.com"}
Completed 400 Bad Request in 62ms (ActiveRecord: 0.0ms)



ActionController::ParameterMissing - param is missing or the value is empty: user:
  app/controllers/users_controller.rb:18:in `create'

Started POST "/users" for ::1 at 2019-12-09 16:44:28 -0800
Processing by UsersController#create as */*
  Parameters: {"name"=>"bob", "email"=>"bob@gmail.com", "user"=>""}
Completed 400 Bad Request in 2ms (ActiveRecord: 0.0ms)



ActionController::ParameterMissing - param is missing or the value is empty: user:
  app/controllers/users_controller.rb:18:in `create'

Started POST "/users" for ::1 at 2019-12-09 16:44:52 -0800
Processing by UsersController#create as */*
  Parameters: {"name"=>"bob", "email"=>"bob@gmail.com"}
  [1m[35m (0.7ms)[0m  [1m[35mBEGIN[0m
  ↳ app/controllers/users_controller.rb:25
  [1m[36mUser Create (6.2ms)[0m  [1m[32mINSERT INTO "users" ("name", "email") VALUES ($1, $2) RETURNING "id"[0m  [["name", "bob"], ["email", "bob@gmail.com"]]
  ↳ app/controllers/users_controller.rb:25
  [1m[35m (1.9ms)[0m  [1m[35mCOMMIT[0m
  ↳ app/controllers/users_controller.rb:25
Completed 200 OK in 219ms (Views: 0.3ms | ActiveRecord: 35.7ms)


Started POST "/users" for ::1 at 2019-12-09 16:46:29 -0800
Processing by UsersController#create as */*
  Parameters: {"name"=>"bob", "email"=>"bob@gmail.com", "id"=>"1"}
Completed 400 Bad Request in 50ms (ActiveRecord: 0.0ms)



ActionController::ParameterMissing - param is missing or the value is empty: user:
  app/controllers/users_controller.rb:18:in `create'

Started POST "/users" for ::1 at 2019-12-09 16:46:48 -0800
Processing by UsersController#create as */*
  Parameters: {"name"=>"bob", "email"=>"bob@gmail.com"}
  [1m[35m (0.3ms)[0m  [1m[35mBEGIN[0m
  ↳ app/controllers/users_controller.rb:25
  [1m[36mUser Create (0.4ms)[0m  [1m[32mINSERT INTO "users" ("name", "email") VALUES ($1, $2) RETURNING "id"[0m  [["name", "bob"], ["email", "bob@gmail.com"]]
  ↳ app/controllers/users_controller.rb:25
  [1m[35m (1.3ms)[0m  [1m[35mCOMMIT[0m
  ↳ app/controllers/users_controller.rb:25
Completed 200 OK in 57ms (Views: 0.6ms | ActiveRecord: 14.8ms)


Started POST "/users" for ::1 at 2019-12-09 16:47:03 -0800
Processing by UsersController#create as */*
  Parameters: {"name"=>"bob"}
  [1m[35m (3.1ms)[0m  [1m[35mBEGIN[0m
  ↳ app/controllers/users_controller.rb:25
  [1m[35m (9.4ms)[0m  [1m[31mROLLBACK[0m
  ↳ app/controllers/users_controller.rb:25
Completed 422 Unprocessable Entity in 87ms (Views: 0.5ms | ActiveRecord: 12.5ms)


Started POST "/users" for ::1 at 2019-12-09 16:49:09 -0800
Processing by UsersController#create as */*
  Parameters: {"name"=>"bob", "email"=>"bob@gmail.com"}
Completed 400 Bad Request in 69ms (ActiveRecord: 0.0ms)



ActionController::ParameterMissing - param is missing or the value is empty: user:
  app/controllers/users_controller.rb:18:in `create'

Started POST "/users" for ::1 at 2019-12-09 16:53:28 -0800
Processing by UsersController#create as */*
  Parameters: {"name"=>"bob", "email"=>"bob@gmail.com"}
Completed 400 Bad Request in 65ms (ActiveRecord: 0.0ms)



ActionController::ParameterMissing - param is missing or the value is empty: user:
  app/controllers/users_controller.rb:43:in `user_params'
  app/controllers/users_controller.rb:18:in `create'

Started POST "/users" for ::1 at 2019-12-09 16:55:31 -0800

SyntaxError - syntax error, unexpected ')', expecting keyword_end
...e(:user).permit(:name, :email))
...                              ^:
  app/controllers/users_controller.rb:43:in `'

Started POST "/users" for ::1 at 2019-12-09 16:55:46 -0800
Processing by UsersController#create as */*
  Parameters: {"name"=>"bob", "email"=>"bob@gmail.com"}
  [1m[35m (5.6ms)[0m  [1m[35mBEGIN[0m
  ↳ app/controllers/users_controller.rb:25
  [1m[36mUser Create (5.4ms)[0m  [1m[32mINSERT INTO "users" ("name", "email") VALUES ($1, $2) RETURNING "id"[0m  [["name", "bob"], ["email", "bob@gmail.com"]]
  ↳ app/controllers/users_controller.rb:25
  [1m[35m (5.7ms)[0m  [1m[35mCOMMIT[0m
  ↳ app/controllers/users_controller.rb:25
Completed 200 OK in 296ms (Views: 0.6ms | ActiveRecord: 35.6ms)


